<?xml version="1.0" encoding="UTF-8"?>
<testng-results ignored="0" total="4" passed="4" failed="0" skipped="0">
  <reporter-output>
  </reporter-output>
  <suite started-at="2021-03-22T14:52:39 IST" name="Suite" finished-at="2021-03-22T14:53:11 IST" duration-ms="31983">
    <groups>
    </groups>
    <test started-at="2021-03-22T14:52:39 IST" name="DataDriven4.CorrectUserName" finished-at="2021-03-22T14:53:11 IST" duration-ms="31983">
      <class name="DataDriven4.LoginForm">
        <test-method is-config="true" signature="beforeTest()[pri:0, instance:DataDriven4.LoginForm@1b1473ab]" started-at="2021-03-22T14:52:39 IST" name="beforeTest" finished-at="2021-03-22T14:52:48 IST" duration-ms="9494" status="PASS">
          <reporter-output>
          </reporter-output>
        </test-method> <!-- beforeTest -->
        <test-method signature="allForm(java.lang.String, java.lang.String)[pri:0, instance:DataDriven4.LoginForm@1b1473ab]" started-at="2021-03-22T14:52:49 IST" name="allForm" data-provider="loginData" finished-at="2021-03-22T14:52:52 IST" duration-ms="3227" status="PASS">
          <params>
            <param index="0">
              <value>
                <![CDATA[FIRST]]>
              </value>
            </param>
            <param index="1">
              <value>
                <![CDATA[admin1234]]>
              </value>
            </param>
          </params>
          <reporter-output>
          </reporter-output>
        </test-method> <!-- allForm -->
        <test-method signature="allForm(java.lang.String, java.lang.String)[pri:0, instance:DataDriven4.LoginForm@1b1473ab]" started-at="2021-03-22T14:52:52 IST" name="allForm" data-provider="loginData" finished-at="2021-03-22T14:52:55 IST" duration-ms="2493" status="PASS">
          <params>
            <param index="0">
              <value>
                <![CDATA[SECOND]]>
              </value>
            </param>
            <param index="1">
              <value>
                <![CDATA[admin123]]>
              </value>
            </param>
          </params>
          <reporter-output>
          </reporter-output>
        </test-method> <!-- allForm -->
        <test-method signature="allForm(java.lang.String, java.lang.String)[pri:0, instance:DataDriven4.LoginForm@1b1473ab]" started-at="2021-03-22T14:52:55 IST" name="allForm" data-provider="loginData" finished-at="2021-03-22T14:52:57 IST" duration-ms="2571" status="PASS">
          <params>
            <param index="0">
              <value>
                <![CDATA[THIRD]]>
              </value>
            </param>
            <param index="1">
              <value>
                <![CDATA[admin1234]]>
              </value>
            </param>
          </params>
          <reporter-output>
          </reporter-output>
        </test-method> <!-- allForm -->
        <test-method signature="allForm(java.lang.String, java.lang.String)[pri:0, instance:DataDriven4.LoginForm@1b1473ab]" started-at="2021-03-22T14:52:57 IST" name="allForm" data-provider="loginData" finished-at="2021-03-22T14:53:05 IST" duration-ms="7778" status="PASS">
          <params>
            <param index="0">
              <value>
                <![CDATA[Admin]]>
              </value>
            </param>
            <param index="1">
              <value>
                <![CDATA[admin123]]>
              </value>
            </param>
          </params>
          <reporter-output>
          </reporter-output>
        </test-method> <!-- allForm -->
        <test-method is-config="true" signature="afterTest()[pri:0, instance:DataDriven4.LoginForm@1b1473ab]" started-at="2021-03-22T14:53:05 IST" name="afterTest" finished-at="2021-03-22T14:53:11 IST" duration-ms="5926" status="PASS">
          <reporter-output>
          </reporter-output>
        </test-method> <!-- afterTest -->
      </class> <!-- DataDriven4.LoginForm -->
    </test> <!-- DataDriven4.CorrectUserName -->
  </suite> <!-- Suite -->
</testng-results>
