<?xml version="1.0" encoding="UTF-8"?>
<testng-results ignored="0" total="4" passed="4" failed="0" skipped="0">
  <reporter-output>
  </reporter-output>
  <suite started-at="2021-03-21T15:14:46 IST" name="Suite" finished-at="2021-03-21T15:16:05 IST" duration-ms="79276">
    <groups>
    </groups>
    <test started-at="2021-03-21T15:14:46 IST" name="Test" finished-at="2021-03-21T15:16:05 IST" duration-ms="79276">
      <class name="Week1.Day1.BothCorrect">
        <test-method signature="loginForm()[pri:0, instance:Week1.Day1.BothCorrect@778d1062]" started-at="2021-03-21T15:15:42 IST" name="loginForm" finished-at="2021-03-21T15:16:05 IST" duration-ms="22855" status="PASS">
          <reporter-output>
          </reporter-output>
        </test-method> <!-- loginForm -->
      </class> <!-- Week1.Day1.BothCorrect -->
      <class name="Week1.Day1.BothInCorrect">
        <test-method signature="loginForm()[pri:0, instance:Week1.Day1.BothInCorrect@2b6faea6]" started-at="2021-03-21T15:15:26 IST" name="loginForm" finished-at="2021-03-21T15:15:42 IST" duration-ms="15589" status="PASS">
          <reporter-output>
          </reporter-output>
        </test-method> <!-- loginForm -->
      </class> <!-- Week1.Day1.BothInCorrect -->
      <class name="Week1.Day1.WrongUserName">
        <test-method signature="loginForm()[pri:0, instance:Week1.Day1.WrongUserName@1e802ef9]" started-at="2021-03-21T15:15:06 IST" name="loginForm" finished-at="2021-03-21T15:15:26 IST" duration-ms="20819" status="PASS">
          <reporter-output>
          </reporter-output>
        </test-method> <!-- loginForm -->
      </class> <!-- Week1.Day1.WrongUserName -->
      <class name="Week1.Day1.CorrectUserName">
        <test-method signature="loginForm()[pri:0, instance:Week1.Day1.CorrectUserName@7f010382]" started-at="2021-03-21T15:14:46 IST" name="loginForm" finished-at="2021-03-21T15:15:05 IST" duration-ms="19887" status="PASS">
          <reporter-output>
          </reporter-output>
        </test-method> <!-- loginForm -->
      </class> <!-- Week1.Day1.CorrectUserName -->
    </test> <!-- Test -->
  </suite> <!-- Suite -->
</testng-results>
