<?xml version="1.0" encoding="UTF-8"?>
<!-- Generated by org.testng.reporters.JUnitXMLReporter -->
<testsuite ignored="0" hostname="DESKTOP-9SFLGPG" failures="0" tests="4" name="DataDriven4.CorrectUserName" time="31.983" errors="0" timestamp="2021-03-22T14:53:11 IST">
  <testcase classname="DataDriven4.LoginForm" name="allForm" time="3.227"/>
  <testcase classname="DataDriven4.LoginForm" name="allForm" time="2.493"/>
  <testcase classname="DataDriven4.LoginForm" name="allForm" time="2.571"/>
  <testcase classname="DataDriven4.LoginForm" name="allForm" time="7.778"/>
</testsuite> <!-- DataDriven4.CorrectUserName -->
