<?xml version="1.0" encoding="UTF-8"?>
<!-- Generated by org.testng.reporters.JUnitXMLReporter -->
<testsuite ignored="0" hostname="DESKTOP-9SFLGPG" failures="0" tests="4" name="Test" time="71.307" errors="0" timestamp="2021-03-21T18:38:00 IST">
  <testcase classname="DataDriven1.CorrectUserName" name="loginForm" time="17.759"/>
  <testcase classname="DataDriven1.WrongUserName" name="loginForm" time="17.204"/>
  <testcase classname="DataDriven1.BothInCorrect" name="loginForm" time="16.035"/>
  <testcase classname="DataDriven1.BothCorrect" name="loginForm" time="20.205"/>
</testsuite> <!-- Test -->
