<?xml version="1.0" encoding="UTF-8"?>
<!-- Generated by org.testng.reporters.JUnitXMLReporter -->
<testsuite ignored="0" hostname="DESKTOP-9SFLGPG" failures="0" tests="4" name="Test" time="73.284" errors="0" timestamp="2021-03-20T19:42:09 IST">
  <testcase classname="Week1.Day1.CorrectUserName" name="loginForm" time="17.282"/>
  <testcase classname="Week1.Day1.WrongUserName" name="loginForm" time="18.49"/>
  <testcase classname="Week1.Day1.BothInCorrect" name="loginForm" time="15.51"/>
  <testcase classname="Week1.Day1.BothCorrect" name="loginForm" time="21.892"/>
</testsuite> <!-- Test -->
