<?xml version="1.0" encoding="UTF-8"?>
<!-- Generated by org.testng.reporters.JUnitXMLReporter -->
<testsuite ignored="0" hostname="DESKTOP-9SFLGPG" failures="0" tests="4" name="Default test" time="65.839" errors="0" timestamp="2021-03-22T14:32:55 IST">
  <testcase classname="DataDriven4.LoginForm" name="loginForm" time="18.136"/>
  <testcase classname="DataDriven4.LoginForm" name="loginForm" time="15.657"/>
  <testcase classname="DataDriven4.LoginForm" name="loginForm" time="16.618"/>
  <testcase classname="DataDriven4.LoginForm" name="loginForm" time="15.048"/>
</testsuite> <!-- Default test -->
